Copyright 1986-2018 Xilinx, Inc. All Rights Reserved.
----------------------------------------------------------------------------------------------------------------------------------------------------------------------------------------------------
| Tool Version : Vivado v.2018.2_AR71275_op (lin64) Build 2258646 Thu Jun 14 20:02:38 MDT 2018
| Date         : Thu Dec 13 04:07:15 2018
| Host         : ip-172-31-18-31.ec2.internal running 64-bit CentOS Linux release 7.5.1804 (Core)
| Command      : report_utilization -pblock [get_pblocks pblock_CL] -file /home/centos/aws-fpga/hdk/cl/developer_designs/cl_fifo_selfadd/build/reports/18_12_13-024648.utilization_route_design.rpt
| Design       : top_sp
| Device       : xcvu9pflgb2104-2
| Design State : Routed
----------------------------------------------------------------------------------------------------------------------------------------------------------------------------------------------------

Utilization Design Information

Table of Contents
-----------------
1. Pblock Summary
2. Clock Region Statistics
3. CLB Logic
3.1 Summary of Registers by Type
4. CLB Logic Distribution
5. BLOCKRAM
6. ARITHMETIC
7. I/O
8. CLOCK
9. ADVANCED
10. CONFIGURATION
11. Primitives
12. Black Boxes
13. Instantiated Netlists
14. SLR Connectivity and Clocking Utilization
15. SLR Connectivity Matrix
16. SLR CLB Logic and Dedicated Block Utilization
17. SLR IO Utilization

1. Pblock Summary
-----------------

+-------+-----------+-------+-------------------+-----------------+----------------+
| Index |   Parent  | Child | EXCLUDE_PLACEMENT | CONTAIN_ROUTING | SLR(s) Covered |
+-------+-----------+-------+-------------------+-----------------+----------------+
| 1     | pblock_CL |       |                 1 |               1 | SLR0,SLR1,SLR2 |
+-------+-----------+-------+-------------------+-----------------+----------------+


2. Clock Region Statistics
--------------------------

+-------------+--------------------+
| CLOCKREGION | Pblock Sites in CR |
+-------------+--------------------+
| X0Y0        |              1.78% |
| X0Y1        |              1.58% |
| X0Y10       |              1.78% |
| X0Y11       |              1.58% |
| X0Y12       |              1.58% |
| X0Y13       |              1.58% |
| X0Y14       |              1.78% |
| X0Y2        |              1.58% |
| X0Y3        |              1.58% |
| X0Y4        |              1.78% |
| X0Y5        |              1.78% |
| X0Y6        |              1.58% |
| X0Y7        |              1.58% |
| X0Y8        |              1.58% |
| X0Y9        |              1.78% |
| X1Y0        |              1.34% |
| X1Y1        |              1.14% |
| X1Y10       |              1.34% |
| X1Y11       |              1.14% |
| X1Y12       |              1.14% |
| X1Y13       |              1.14% |
| X1Y14       |              1.34% |
| X1Y2        |              1.14% |
| X1Y3        |              1.14% |
| X1Y4        |              1.34% |
| X1Y5        |              1.34% |
| X1Y6        |              1.14% |
| X1Y7        |              1.14% |
| X1Y8        |              1.14% |
| X1Y9        |              1.34% |
| X2Y0        |              1.94% |
| X2Y1        |              1.74% |
| X2Y10       |              1.94% |
| X2Y11       |              1.74% |
| X2Y12       |              1.74% |
| X2Y13       |              1.74% |
| X2Y14       |              1.94% |
| X2Y2        |              1.74% |
| X2Y3        |              1.74% |
| X2Y4        |              1.94% |
| X2Y5        |              1.94% |
| X2Y6        |              1.74% |
| X2Y7        |              1.74% |
| X2Y8        |              1.74% |
| X2Y9        |              1.94% |
| X3Y0        |              0.93% |
| X3Y1        |              0.73% |
| X3Y10       |              1.34% |
| X3Y11       |              1.14% |
| X3Y12       |              1.14% |
| X3Y13       |              1.14% |
| X3Y14       |              1.34% |
| X3Y2        |              0.73% |
| X3Y3        |              0.73% |
| X3Y4        |              0.93% |
| X3Y5        |              0.93% |
| X3Y6        |              0.73% |
| X3Y7        |              0.73% |
| X3Y8        |              0.73% |
| X3Y9        |              0.93% |
| X4Y10       |              1.78% |
| X4Y11       |              1.58% |
| X4Y12       |              1.58% |
| X4Y13       |              1.58% |
| X4Y14       |              1.78% |
| X5Y10       |              1.51% |
| X5Y11       |              1.31% |
| X5Y12       |              1.31% |
| X5Y13       |              1.31% |
| X5Y14       |              1.51% |
+-------------+--------------------+


3. CLB Logic
------------

+----------------------------+--------+-------+--------------+------+-------+-----------+-------+
|          Site Type         | Parent | Child | Non-Assigned | Used | Fixed | Available | Util% |
+----------------------------+--------+-------+--------------+------+-------+-----------+-------+
| CLB LUTs                   |   6889 |     0 |            0 | 6889 |     0 |    895200 |  0.77 |
|   LUT as Logic             |   6227 |     0 |            0 | 6227 |     0 |    895200 |  0.70 |
|   LUT as Memory            |    662 |     0 |            0 |  662 |     0 |    450720 |  0.15 |
|     LUT as Distributed RAM |     80 |     0 |            0 |   80 |     0 |           |       |
|     LUT as Shift Register  |    582 |     0 |            0 |  582 |     0 |           |       |
| CLB Registers              |   8524 |     0 |            0 | 8524 |     0 |   1790400 |  0.48 |
|   Register as Flip Flop    |   8524 |     0 |            0 | 8524 |     0 |   1790400 |  0.48 |
|   Register as Latch        |      0 |     0 |            0 |    0 |     0 |   1790400 |  0.00 |
| CARRY8                     |     79 |     0 |            0 |   79 |     0 |    111900 |  0.07 |
| F7 Muxes                   |     84 |     0 |            0 |   84 |     0 |    447600 |  0.02 |
| F8 Muxes                   |      0 |     0 |            0 |    0 |     0 |    223800 |  0.00 |
| F9 Muxes                   |      0 |     0 |            0 |    0 |     0 |    111900 |  0.00 |
+----------------------------+--------+-------+--------------+------+-------+-----------+-------+


3.1 Summary of Registers by Type
--------------------------------

+-------+--------------+-------------+--------------+
| Total | Clock Enable | Synchronous | Asynchronous |
+-------+--------------+-------------+--------------+
| 0     |            _ |           - |            - |
| 0     |            _ |           - |          Set |
| 0     |            _ |           - |        Reset |
| 0     |            _ |         Set |            - |
| 0     |            _ |       Reset |            - |
| 0     |          Yes |           - |            - |
| 42    |          Yes |           - |          Set |
| 223   |          Yes |           - |        Reset |
| 94    |          Yes |         Set |            - |
| 8165  |          Yes |       Reset |            - |
+-------+--------------+-------------+--------------+


4. CLB Logic Distribution
-------------------------

+-------------------------------------------+--------+-------+--------------+------+-------+-----------+-------+
|                 Site Type                 | Parent | Child | Non-Assigned | Used | Fixed | Available | Util% |
+-------------------------------------------+--------+-------+--------------+------+-------+-----------+-------+
| CLB                                       |   2055 |     0 |            0 | 2055 |     0 |    111900 |  1.84 |
|   CLBL                                    |    917 |     0 |            0 |  917 |     0 |           |       |
|   CLBM                                    |   1138 |     0 |            0 | 1138 |     0 |           |       |
| LUT as Logic                              |   6227 |     0 |            0 | 6227 |     0 |    895200 |  0.70 |
|   using O5 output only                    |     83 |     0 |            0 |   83 |       |           |       |
|   using O6 output only                    |   3989 |     0 |            0 | 3989 |       |           |       |
|   using O5 and O6                         |   2155 |     0 |            0 | 2155 |       |           |       |
| LUT as Memory                             |    662 |     0 |            0 |  662 |     0 |    450720 |  0.15 |
|   LUT as Distributed RAM                  |     80 |     0 |            0 |   80 |     0 |           |       |
|     using O5 output only                  |      0 |     0 |            0 |    0 |       |           |       |
|     using O6 output only                  |      0 |     0 |            0 |    0 |       |           |       |
|     using O5 and O6                       |     80 |     0 |            0 |   80 |       |           |       |
|   LUT as Shift Register                   |    582 |     0 |            0 |  582 |     0 |           |       |
|     using O5 output only                  |      0 |     0 |            0 |    0 |       |           |       |
|     using O6 output only                  |    118 |     0 |            0 |  118 |       |           |       |
|     using O5 and O6                       |    464 |     0 |            0 |  464 |       |           |       |
| LUT Flip Flop Pairs                       |   2246 |     0 |            0 | 2246 |     0 |    895200 |  0.25 |
|   fully used LUT-FF pairs                 |    366 |     0 |            0 |  366 |       |           |       |
|   LUT-FF pairs with one unused LUT output |   1764 |     0 |            0 | 1764 |       |           |       |
|   LUT-FF pairs with one unused Flip Flop  |   1375 |     0 |            0 | 1375 |       |           |       |
| Unique Control Sets                       |    297 |     0 |            0 |  297 |       |           |       |
+-------------------------------------------+--------+-------+--------------+------+-------+-----------+-------+
* Note: Review the Control Sets Report for more information regarding control sets.


5. BLOCKRAM
-----------

+-------------------+--------+-------+--------------+------+-------+-----------+-------+
|     Site Type     | Parent | Child | Non-Assigned | Used | Fixed | Available | Util% |
+-------------------+--------+-------+--------------+------+-------+-----------+-------+
| Block RAM Tile    |     10 |     0 |            0 |   10 |     0 |      1680 |  0.60 |
|   RAMB36/FIFO*    |     10 |     0 |            0 |   10 |     0 |      1680 |  0.60 |
|     RAMB36E2 only |     10 |     0 |            0 |   10 |       |           |       |
|   RAMB18          |      0 |     0 |            0 |    0 |     0 |      3360 |  0.00 |
| URAM              |      0 |     0 |            0 |    0 |     0 |       800 |  0.00 |
+-------------------+--------+-------+--------------+------+-------+-----------+-------+
* Note: Each Block RAM Tile only has one FIFO logic available and therefore can accommodate only one FIFO36E2 or one FIFO18E2. However, if a FIFO18E2 occupies a Block RAM Tile, that tile can still accommodate a RAMB18E2


6. ARITHMETIC
-------------

+-----------+--------+-------+--------------+------+-------+-----------+-------+
| Site Type | Parent | Child | Non-Assigned | Used | Fixed | Available | Util% |
+-----------+--------+-------+--------------+------+-------+-----------+-------+
| DSPs      |      0 |     0 |            0 |    0 |     0 |      5640 |  0.00 |
+-----------+--------+-------+--------------+------+-------+-----------+-------+


7. I/O
------

+------------------+--------+-------+--------------+------+-------+-----------+-------+
|     Site Type    | Parent | Child | Non-Assigned | Used | Fixed | Available | Util% |
+------------------+--------+-------+--------------+------+-------+-----------+-------+
| Bonded IOB       |      0 |     0 |            0 |    0 |     0 |       468 |  0.00 |
| HPIOB_M          |      0 |     0 |            0 |    0 |     0 |       216 |  0.00 |
| HPIOB_S          |      0 |     0 |            0 |    0 |     0 |       216 |  0.00 |
| HPIOB_SNGL       |      0 |     0 |            0 |    0 |     0 |        36 |  0.00 |
| HPIOBDIFFINBUF   |     57 |     0 |            0 |   57 |    57 |       480 | 11.88 |
|   DIFFINBUF      |     57 |     0 |            0 |   57 |    57 |           |       |
| HPIOBDIFFOUTBUF  |      0 |     0 |            0 |    0 |     0 |       480 |  0.00 |
| BITSLICE_CONTROL |      0 |     0 |            0 |    0 |     0 |       160 |  0.00 |
| BITSLICE_RX_TX   |      0 |     0 |            0 |    0 |     0 |      1040 |  0.00 |
| BITSLICE_TX      |      0 |     0 |            0 |    0 |     0 |       160 |  0.00 |
| RIU_OR           |      0 |     0 |            0 |    0 |     0 |        80 |  0.00 |
+------------------+--------+-------+--------------+------+-------+-----------+-------+


8. CLOCK
--------

+----------------------+--------+-------+--------------+------+-------+-----------+-------+
|       Site Type      | Parent | Child | Non-Assigned | Used | Fixed | Available | Util% |
+----------------------+--------+-------+--------------+------+-------+-----------+-------+
| GLOBAL CLOCK BUFFERs |      0 |     0 |            0 |    0 |     0 |      1200 |  0.00 |
|   BUFGCE             |      0 |     0 |            0 |    0 |     0 |       480 |  0.00 |
|   BUFGCE_DIV         |      0 |     0 |            0 |    0 |     0 |        80 |  0.00 |
|   BUFG_GT            |      0 |     0 |            0 |    0 |     0 |       480 |  0.00 |
|   BUFGCTRL*          |      0 |     0 |            0 |    0 |     0 |       160 |  0.00 |
| PLL                  |      0 |     0 |            0 |    0 |     0 |        40 |  0.00 |
| MMCM                 |      0 |     0 |            0 |    0 |     0 |        20 |  0.00 |
+----------------------+--------+-------+--------------+------+-------+-----------+-------+
* Note: Each used BUFGCTRL counts as two global buffer resources. This table does not include global clocking resources, only buffer cell usage. See the Clock Utilization Report (report_clock_utilization) for detailed accounting of global clocking resource availability.


9. ADVANCED
-----------

+------------------+--------+-------+--------------+------+-------+-----------+-------+
|     Site Type    | Parent | Child | Non-Assigned | Used | Fixed | Available | Util% |
+------------------+--------+-------+--------------+------+-------+-----------+-------+
| CMACE4           |      0 |     0 |            0 |    0 |     0 |         9 |  0.00 |
| GTYE4_CHANNEL    |      0 |     0 |            0 |    0 |     0 |        56 |  0.00 |
| GTYE4_COMMON     |      0 |     0 |            0 |    0 |     0 |        14 |  0.00 |
| ILKNE4           |      0 |     0 |            0 |    0 |     0 |         5 |  0.00 |
| OBUFDS_GTE4      |      0 |     0 |            0 |    0 |     0 |        28 |  0.00 |
| OBUFDS_GTE4_ADV  |      0 |     0 |            0 |    0 |     0 |        28 |  0.00 |
| PCIE40E4         |      0 |     0 |            0 |    0 |     0 |         4 |  0.00 |
| SYSMONE4         |      0 |     0 |            0 |    0 |     0 |         1 |  0.00 |
| LAGUNA Registers |      0 |     0 |            0 |    0 |     0 |     46080 |  0.00 |
|   as TX_REG      |      0 |     0 |            0 |    0 |       |           |       |
|   as RX_REG      |      0 |     0 |            0 |    0 |       |           |       |
+------------------+--------+-------+--------------+------+-------+-----------+-------+


10. CONFIGURATION
-----------------

+-------------+--------+-------+--------------+------+-------+-----------+-------+
|  Site Type  | Parent | Child | Non-Assigned | Used | Fixed | Available | Util% |
+-------------+--------+-------+--------------+------+-------+-----------+-------+
| BSCANE2     |      0 |     0 |            0 |    0 |     0 |         4 |  0.00 |
| DNA_PORTE2  |      0 |     0 |            0 |    0 |     0 |         1 |  0.00 |
| EFUSE_USR   |      0 |     0 |            0 |    0 |     0 |         1 |  0.00 |
| FRAME_ECCE4 |      0 |     0 |            0 |    0 |     0 |         1 |  0.00 |
| ICAPE3      |      0 |     0 |            0 |    0 |     0 |         2 |  0.00 |
| MASTER_JTAG |      0 |     0 |            0 |    0 |     0 |         1 |  0.00 |
| STARTUPE3   |      0 |     0 |            0 |    0 |     0 |         1 |  0.00 |
+-------------+--------+-------+--------------+------+-------+-----------+-------+


11. Primitives
--------------

+-------------+------+---------------------+
|   Ref Name  | Used | Functional Category |
+-------------+------+---------------------+
| FDRE        | 8165 |            Register |
| LUT1        | 4849 |                 CLB |
| LUT6        | 1650 |                 CLB |
| SRL16E      |  650 |                 CLB |
| LUT4        |  645 |                 CLB |
| LUT3        |  490 |                 CLB |
| LUT5        |  450 |                 CLB |
| SRLC32E     |  390 |                 CLB |
| LUT2        |  298 |                 CLB |
| IBUFCTRL    |  273 |              Others |
| FDCE        |  223 |            Register |
| OBUFT_DCIEN |  216 |                 I/O |
| INBUF       |  216 |                 I/O |
| RAMD32      |  140 |                 CLB |
| OBUFT       |  108 |                 I/O |
| FDSE        |   94 |            Register |
| OBUF        |   84 |                 I/O |
| MUXF7       |   84 |                 CLB |
| CARRY8      |   79 |                 CLB |
| DIFFINBUF   |   57 |                 I/O |
| INV         |   54 |                 CLB |
| FDPE        |   42 |            Register |
| RAMS32      |   20 |                 CLB |
| RAMB36E2    |   10 |           Block Ram |
| SRLC16E     |    6 |                 CLB |
+-------------+------+---------------------+


12. Black Boxes
---------------

+----------+------+
| Ref Name | Used |
+----------+------+


13. Instantiated Netlists
-------------------------

+---------------+------+
|    Ref Name   | Used |
+---------------+------+
| xsdbm_CV      |    1 |
| xsdbm         |    1 |
| sh_shim       |    1 |
| sh_sda        |    1 |
| ddr4_core_phy |    1 |
| dbg_hub_CV    |    1 |
| cl_fifo       |    1 |
| WRAPPER       |    1 |
+---------------+------+


14. SLR Connectivity and Clocking Utilization
---------------------------------------------

+----------+-----------------+---------+-----------------+--------------+-------+-------+
|          | Total SLLs Used | (%)SLLs | BUFGs/BUFGCTRLs | BUFH/BUFHCEs | BUFRs | MMCMs |
+----------+-----------------+---------+-----------------+--------------+-------+-------+
| SLR2     |                 |         |               0 |            0 |     0 |     0 |
| ||||||-> |               0 |    0.00 |                 |              |       |       |
| SLR1     |                 |         |               0 |            0 |     0 |     0 |
| ||||||-> |            5413 |   31.33 |                 |              |       |       |
| SLR0     |                 |         |               0 |            0 |     0 |     0 |
+----------+-----------------+---------+-----------------+--------------+-------+-------+
| Total    |            5413 |         |               0 |            0 |     0 |     0 |
+----------+-----------------+---------+-----------------+--------------+-------+-------+


15. SLR Connectivity Matrix
---------------------------

+------+------+------+------+
|      | SLR2 | SLR1 | SLR0 |
+------+------+------+------+
| SLR2 |    0 |    0 |    0 |
| SLR1 |    0 |    0 | 5413 |
| SLR0 |    0 | 5413 |    0 |
+------+------+------+------+


16. SLR CLB Logic and Dedicated Block Utilization
-------------------------------------------------

+-----------+------+---------+------------+-------------+---------------+-----------+-------+------+------+
| SLR Index | CLBs | (%)CLBs | Total LUTs | Memory LUTs | (%)Total LUTs | Registers | BRAMs | URAM | DSPs |
+-----------+------+---------+------------+-------------+---------------+-----------+-------+------+------+
| SLR2      |    0 |    0.00 |          0 |           0 |          0.00 |         0 |     0 |    0 |    0 |
| SLR1      |  345 |    0.70 |       1844 |           0 |          0.47 |        57 |     0 |    0 |    0 |
| SLR0      | 1710 |    3.47 |       5045 |         662 |          1.28 |      8467 |    10 |    0 |    0 |
+-----------+------+---------+------------+-------------+---------------+-----------+-------+------+------+
| Total     | 2055 |         |       6889 |         662 |               |      8524 |    10 |    0 |    0 |
+-----------+------+---------+------------+-------------+---------------+-----------+-------+------+------+


17. SLR IO Utilization
----------------------

+-----------+-------------+---------+--------------+----------+--------------+----------+-----+
| SLR Index | Bonded IOBs | (%)IOBs | Bonded IPADs | (%)IPADs | Bonded OPADs | (%)OPADs | GTs |
+-----------+-------------+---------+--------------+----------+--------------+----------+-----+
| SLR2      |           0 |    0.00 |            0 |     0.00 |            0 |     0.00 |   0 |
| SLR1      |           0 |    0.00 |            0 |     0.00 |            0 |     0.00 |   0 |
| SLR0      |           0 |    0.00 |            0 |     0.00 |            0 |     0.00 |   0 |
+-----------+-------------+---------+--------------+----------+--------------+----------+-----+
| Total     |           0 |         |            0 |          |            0 |          |   0 |
+-----------+-------------+---------+--------------+----------+--------------+----------+-----+


