#-----------------------------------------------------------
# Vivado v2018.2_AR71275_op (64-bit)
# SW Build 2258646 on Thu Jun 14 20:02:38 MDT 2018
# IP Build 2256618 on Thu Jun 14 22:10:49 MDT 2018
# Start of session at: Fri Apr 19 00:48:29 2019
# Process ID: 10807
# Current directory: /home/centos/aws-fpga/hdk/cl/developer_designs/cl_aes_ip_fifo/build/scripts
# Command line: vivado -mode batch -nojournal -log 19_04_19-004827.vivado.log -source create_dcp_from_cl.tcl -tclargs 19_04_19-004827 DEFAULT 1.4.4 0x04261818 0xF000 0x1D0F 0x1D51 0xFEDD A0 B0 C0 2 0
# Log file: /home/centos/aws-fpga/hdk/cl/developer_designs/cl_aes_ip_fifo/build/scripts/19_04_19-004827.vivado.log
# Journal file: 
#-----------------------------------------------------------
source create_dcp_from_cl.tcl
# package require tar
# set TOP top_sp
# set CL_MODULE cl_fifo
# set timestamp           [lindex $argv  0]
# set strategy            [lindex $argv  1]
# set hdk_version         [lindex $argv  2]
# set shell_version       [lindex $argv  3]
# set device_id           [lindex $argv  4]
# set vendor_id           [lindex $argv  5]
# set subsystem_id        [lindex $argv  6]
# set subsystem_vendor_id [lindex $argv  7]
# set clock_recipe_a      [lindex $argv  8]
# set clock_recipe_b      [lindex $argv  9]
# set clock_recipe_c      [lindex $argv 10]
# set uram_option         [lindex $argv 11]
# set notify_via_sns      [lindex $argv 12]
# set VDEFINES            [lindex $argv 13]
# set cl.synth   1
# set implement  1
# puts "AWS FPGA Scripts";
AWS FPGA Scripts
# puts "Creating Design Checkpoint from Custom Logic source code";
Creating Design Checkpoint from Custom Logic source code
# puts "HDK Version:            $hdk_version";
HDK Version:            1.4.4
# puts "Shell Version:          $shell_version";
Shell Version:          0x04261818
# puts "Vivado Script Name:     $argv0";
Vivado Script Name:     create_dcp_from_cl.tcl
# puts "Strategy:               $strategy";
Strategy:               DEFAULT
# puts "PCI Device ID           $device_id";
PCI Device ID           0xF000
# puts "PCI Vendor ID           $vendor_id";
PCI Vendor ID           0x1D0F
# puts "PCI Subsystem ID        $subsystem_id";
PCI Subsystem ID        0x1D51
# puts "PCI Subsystem Vendor ID $subsystem_vendor_id";
PCI Subsystem Vendor ID 0xFEDD
# puts "Clock Recipe A:         $clock_recipe_a";
Clock Recipe A:         A0
# puts "Clock Recipe B:         $clock_recipe_b";
Clock Recipe B:         B0
# puts "Clock Recipe C:         $clock_recipe_c";
Clock Recipe C:         C0
# puts "URAM option:            $uram_option";
URAM option:            2
# puts "Notify when done:       $notify_via_sns";
Notify when done:       0
# if { [info exists ::env(CL_DIR)] } {
#         set CL_DIR $::env(CL_DIR)
#         puts "Using CL directory $CL_DIR";
# } else {
#         puts "Error: CL_DIR environment variable not defined ! ";
#         puts "Use export CL_DIR=Your_Design_Root_Directory"
#         exit 2
# }
Using CL directory /home/centos/aws-fpga/hdk/cl/developer_designs/cl_aes_ip_fifo
# if { [info exists ::env(HDK_SHELL_DIR)] } {
#         set HDK_SHELL_DIR $::env(HDK_SHELL_DIR)
#         puts "Using Shell directory $HDK_SHELL_DIR";
# } else {
#         puts "Error: HDK_SHELL_DIR environment variable not defined ! ";
#         puts "Run the hdk_setup.sh script from the root directory of aws-fpga";
#         exit 2
# }
Using Shell directory /home/centos/aws-fpga/hdk/common/shell_v04261818
# if { [info exists ::env(HDK_SHELL_DESIGN_DIR)] } {
#         set HDK_SHELL_DESIGN_DIR $::env(HDK_SHELL_DESIGN_DIR)
#         puts "Using Shell design directory $HDK_SHELL_DESIGN_DIR";
# } else {
#         puts "Error: HDK_SHELL_DESIGN_DIR environment variable not defined ! ";
#         puts "Run the hdk_setup.sh script from the root directory of aws-fpga";
#         exit 2
# }
Using Shell design directory /home/centos/aws-fpga/hdk/common/shell_v04261818/design
# set implDir   $CL_DIR/build/checkpoints
# set rptDir    $CL_DIR/build/reports
# set cacheDir  $HDK_SHELL_DESIGN_DIR/cache/ddr4_phy
# puts "All reports and intermediate results will be time stamped with $timestamp";
All reports and intermediate results will be time stamped with 19_04_19-004827
# set_msg_config -id {Chipscope 16-3} -suppress
# set_msg_config -string {AXI_QUAD_SPI} -suppress
# set_msg_config -id {Common 17-55}        -suppress
# set_msg_config -id {Vivado 12-4739}      -suppress
# set_msg_config -id {Constraints 18-4866} -suppress
# set_msg_config -id {IP_Flow 19-2162}     -suppress
# set_msg_config -id {Route 35-328}        -suppress
# set_msg_config -id {Vivado 12-1008}      -suppress
# set_msg_config -id {Vivado 12-508}       -suppress
# set_msg_config -id {filemgmt 56-12}      -suppress
# set_msg_config -id {DRC CKLD-1}          -suppress
# set_msg_config -id {DRC CKLD-2}          -suppress
# set_msg_config -id {IP_Flow 19-2248}     -suppress
# set_msg_config -id {Vivado 12-1580}      -suppress
# set_msg_config -id {Constraints 18-550}  -suppress
# set_msg_config -id {Synth 8-3295}        -suppress
# set_msg_config -id {Synth 8-3321}        -suppress
# set_msg_config -id {Synth 8-3331}        -suppress
# set_msg_config -id {Synth 8-3332}        -suppress
# set_msg_config -id {Synth 8-6014}        -suppress
# set_msg_config -id {Timing 38-436}       -suppress
# set_msg_config -id {DRC REQP-1853}       -suppress
# set_msg_config -id {Synth 8-350}         -suppress
# set_msg_config -id {Synth 8-3848}        -suppress
# set_msg_config -id {Synth 8-3917}        -suppress
# set_msg_config -id {Opt 31-430}          -suppress
# puts "AWS FPGA: ([clock format [clock seconds] -format %T]) Calling the encrypt.tcl.";
AWS FPGA: (00:48:36) Calling the encrypt.tcl.
# if {[string compare $notify_via_sns "1"] == 0} {
#   if {![info exists env(EMAIL)]} {
#     puts "AWS FPGA: ([clock format [clock seconds] -format %T]) EMAIL variable empty!  Completition notification will *not* be sent!";
#     set notify_via_sns 0;
#   } else {
#     puts "AWS FPGA: ([clock format [clock seconds] -format %T]) EMAIL address for completion notification set to $env(EMAIL).";
#   }
# }
# switch $strategy {
#     "BASIC" {
#         puts "BASIC strategy."
#         source $HDK_SHELL_DIR/build/scripts/strategy_BASIC.tcl
#     }
#     "EXPLORE" {
#         puts "EXPLORE strategy."
#         source $HDK_SHELL_DIR/build/scripts/strategy_EXPLORE.tcl
#     }
#     "TIMING" {
#         puts "TIMING strategy."
#         source $HDK_SHELL_DIR/build/scripts/strategy_TIMING.tcl
#     }
#     "CONGESTION" {
#         puts "CONGESTION strategy."
#         source $HDK_SHELL_DIR/build/scripts/strategy_CONGESTION.tcl
#     }
#     "DEFAULT" {
#         puts "DEFAULT strategy."
#         source $HDK_SHELL_DIR/build/scripts/strategy_DEFAULT.tcl
#     }
#     default {
#         puts "$strategy is NOT a valid strategy. Defaulting to strategy DEFAULT."
#         source $HDK_SHELL_DIR/build/scripts/strategy_DEFAULT.tcl
#     }
# }
DEFAULT strategy.
## source $HDK_SHELL_DIR/build/scripts/params.tcl
### if {$uram_option != 2} {
###   set_param synth.elaboration.rodinMoreOptions {rt::set_parameter disableOregPackingUram true}
###   set_param physynth.ultraRAMOptOutput false
### }
### set_param hd.supportClockNetCrossDiffReconfigurablePartitions 1 
## source $HDK_SHELL_DIR/build/scripts/uram_options.tcl
### switch $uram_option {
###     "2" {
###         set synth_uram_option "-max_uram_cascade_height 2"
###         set uramHeight 2
###     }
###     "3" {
###         set synth_uram_option "-max_uram_cascade_height 3"
###         set uramHeight 3
###     }
###     "4" {
###         set synth_uram_option "-max_uram_cascade_height 1"
###         set uramHeight 4
###     }
###     default {
###         set synth_uram_option "-max_uram_cascade_height 1"
###         set uramHeight 4
###     }
### }
## set synth_options "-keep_equivalent_registers -flatten_hierarchy rebuilt $synth_uram_option"
## set synth_directive "default"
## set psip 0
## set link 1
## set opt 1
## set opt_options    ""
## set opt_directive  ""
## set opt_preHookTcl  "$HDK_SHELL_DIR/build/scripts/check_uram.tcl"
## set opt_postHookTcl "$HDK_SHELL_DIR/build/scripts/apply_debug_constraints.tcl"
## set place 1
## set place_options    ""
## set place_directive  ""
## set place_preHookTcl ""
## set place_postHookTcl ""
## set phys_opt 0
## set phys_options    ""
## set phys_directive  ""
## set phys_preHookTcl ""
## set phys_postHookTcl ""
## set route 1
## set route_options    ""
## set route_directive  ""
## set route_preHookTcl ""
## set route_postHookTcl ""
## set route_phys_opt 0
## set post_phys_options    ""
## set post_phys_directive  ""
## set post_phys_preHookTcl ""
## set post_phys_postHookTcl ""
# source encrypt.tcl
## set HDK_SHELL_DIR $::env(HDK_SHELL_DIR)
## set HDK_SHELL_DESIGN_DIR $::env(HDK_SHELL_DESIGN_DIR)
## set CL_DIR $::env(CL_DIR)
## set TARGET_DIR $CL_DIR/build/src_post_encryption
## set UNUSED_TEMPLATES_DIR $HDK_SHELL_DESIGN_DIR/interfaces
## if {[llength [glob -nocomplain -dir $TARGET_DIR *]] != 0} {
##   eval file delete -force [glob $TARGET_DIR/*]
## }
## file copy -force $CL_DIR/design/cl_id_defines.vh                      $TARGET_DIR
## file copy -force $CL_DIR/design/cl_fifo_defines.vh                    $TARGET_DIR
## file copy -force $CL_DIR/design/cl_fifo.sv                            $TARGET_DIR 
## file copy -force $CL_DIR/design/write_to_library_fifo.v                       $TARGET_DIR 
## file copy -force $CL_DIR/design/aes_top.v	                      $TARGET_DIR
## file copy -force $CL_DIR/design/aes_data_path.v                       $TARGET_DIR
## file copy -force $CL_DIR/design/byte_permutation_unit.v               $TARGET_DIR
## file copy -force $CL_DIR/design/key_expansion.v                       $TARGET_DIR
## file copy -force $CL_DIR/design/mixcolumn.v                  	      $TARGET_DIR
## file copy -force $CL_DIR/design/mux.v                                 $TARGET_DIR
## file copy -force $CL_DIR/design/parallel_serial_converter.v           $TARGET_DIR
## file copy -force $CL_DIR/design/sbox_case_4.v  	                      $TARGET_DIR
## file copy -force $CL_DIR/../common/design/cl_common_defines.vh        $TARGET_DIR 
## file copy -force $UNUSED_TEMPLATES_DIR/unused_apppf_irq_template.inc  $TARGET_DIR
## file copy -force $UNUSED_TEMPLATES_DIR/unused_cl_sda_template.inc     $TARGET_DIR
## file copy -force $UNUSED_TEMPLATES_DIR/unused_ddr_a_b_d_template.inc  $TARGET_DIR
## file copy -force $UNUSED_TEMPLATES_DIR/unused_ddr_c_template.inc      $TARGET_DIR
## file copy -force $UNUSED_TEMPLATES_DIR/unused_dma_pcis_template.inc   $TARGET_DIR
## file copy -force $UNUSED_TEMPLATES_DIR/unused_pcim_template.inc       $TARGET_DIR
## file copy -force $UNUSED_TEMPLATES_DIR/unused_sh_bar1_template.inc    $TARGET_DIR
## file copy -force $UNUSED_TEMPLATES_DIR/unused_flr_template.inc        $TARGET_DIR
## exec chmod +w {*}[glob $TARGET_DIR/*]
## set TOOL_VERSION $::env(VIVADO_TOOL_VERSION)
## set vivado_version [string range [version -short] 0 5]
## puts "AWS FPGA: VIVADO_TOOL_VERSION $TOOL_VERSION"
AWS FPGA: VIVADO_TOOL_VERSION v2018.2
## puts "vivado_version $vivado_version"
vivado_version 2018.2
## encrypt -k $HDK_SHELL_DIR/build/scripts/vivado_keyfile_2017_4.txt -lang verilog  [glob -nocomplain -- $TARGET_DIR/*.{v,sv}] [glob -nocomplain -- $TARGET_DIR/*.vh] [glob -nocomplain -- $TARGET_DIR/*.inc]
Attempting to get a license: EncryptedWriter_V1
Feature available: EncryptedWriter_V1
## encrypt -k $HDK_SHELL_DIR/build/scripts/vivado_vhdl_keyfile_2017_4.txt -lang vhdl -quiet [ glob -nocomplain -- $TARGET_DIR/*.vhd? ]
# source $HDK_SHELL_DIR/build/scripts/device_type.tcl
## proc DEVICE_TYPE {} {
##     return xcvu9p-flgb2104-2-i 
## }
# source $HDK_SHELL_DIR/build/scripts/step_user.tcl -notrace
# puts "AWS FPGA: ([clock format [clock seconds] -format %T]) Calling aws_gen_clk_constraints.tcl to generate clock constraints from developer's specified recipe.";
AWS FPGA: (00:48:36) Calling aws_gen_clk_constraints.tcl to generate clock constraints from developer's specified recipe.
# source $HDK_SHELL_DIR/build/scripts/aws_gen_clk_constraints.tcl
## switch $clock_recipe_a {
##     "A0" {
##         set clk_main_a0_period        8
##         set clk_main_a0_half_period   4
##         set clk_extra_a1_period      16
##         set clk_extra_a1_half_period  8
##         set clk_extra_a2_period       5.333
##         set clk_extra_a2_half_period  2.667
##         set clk_extra_a3_period       4
##         set clk_extra_a3_half_period  2
##     }
##     "A1" {
##         set clk_main_a0_period        4
##         set clk_main_a0_half_period   2
##         set clk_extra_a1_period       8
##         set clk_extra_a1_half_period  4
##         set clk_extra_a2_period       2.667
##         set clk_extra_a2_half_period  1.333
##         set clk_extra_a3_period       2
##         set clk_extra_a3_half_period  1
##     }
##     "A2" {
##         set clk_main_a0_period        64
##         set clk_main_a0_half_period   32
##         set clk_extra_a1_period      128
##         set clk_extra_a1_half_period  64
##         set clk_extra_a2_period        8
##         set clk_extra_a2_half_period   4
##         set clk_extra_a3_period       16
##         set clk_extra_a3_half_period   8
##     }
##     default {
##         puts "$clock_recipe_a is NOT a valid clock_recipe_a."
##     }
## }
## switch $clock_recipe_b {
##     "B0" {
##         set clk_extra_b0_period       4
##         set clk_extra_b0_half_period  2
##         set clk_extra_b1_period       8
##         set clk_extra_b1_half_period  4
##     }
##     "B1" {
##         set clk_extra_b0_period       8
##         set clk_extra_b0_half_period  4
##         set clk_extra_b1_period      16
##         set clk_extra_b1_half_period  8
##     }
##     "B2" {
##         set clk_extra_b0_period       2.222
##         set clk_extra_b0_half_period  1.111
##         set clk_extra_b1_period       4.444
##         set clk_extra_b1_half_period  2.222
##     }
##     "B3" {
##         set clk_extra_b0_period       4
##         set clk_extra_b0_half_period  2
##         set clk_extra_b1_period      16
##         set clk_extra_b1_half_period  8
##     }
##     "B4" {
##         set clk_extra_b0_period       3.333
##         set clk_extra_b0_half_period  1.667
##         set clk_extra_b1_period      13.333
##         set clk_extra_b1_half_period  6.667
##     }
##     "B5" {
##         set clk_extra_b0_period       2.5
##         set clk_extra_b0_half_period  1.25
##         set clk_extra_b1_period      10
##         set clk_extra_b1_half_period  5
##     }
##     default {
##         puts "$clock_recipe_b is NOT a valid clock_recipe_b."
##     }
## }
## switch $clock_recipe_c {
##     "C0" {
##         set clk_extra_c0_period       3.333
##         set clk_extra_c0_half_period  1.667
##         set clk_extra_c1_period       2.5
##         set clk_extra_c1_half_period  1.25
##     }
##     "C1" {
##         set clk_extra_c0_period       6.667
##         set clk_extra_c0_half_period  3.333
##         set clk_extra_c1_period       5
##         set clk_extra_c1_half_period  2.5
##     }
##     "C2" {
##         set clk_extra_c0_period      13.333
##         set clk_extra_c0_half_period  6.667
##         set clk_extra_c1_period      10
##         set clk_extra_c1_half_period  5
##     }
##     "C3" {
##         set clk_extra_c0_period       5
##         set clk_extra_c0_half_period  2.5
##         set clk_extra_c1_period       3.75
##         set clk_extra_c1_half_period  1.875
##     }
##     default {
##         puts "$clock_recipe_c is NOT a valid clock_recipe_c."
##     }
## }
## if { [file exists $CL_DIR/build/constraints/cl_clocks_aws.xdc] } {
##         puts "Deleting old CL clocks constraints file since it will be replaced.";
##         file delete -force $CL_DIR/build/constraints/cl_clocks_aws.xdc
## }
Deleting old CL clocks constraints file since it will be replaced.
## set clocks_file [open "$CL_DIR/build/constraints/cl_clocks_aws.xdc" w]
## puts $clocks_file "#-------------------------------------------------------------------------"
## puts $clocks_file "# Do not edit this file! It is auto-generated from $argv0."
## puts $clocks_file "#-------------------------------------------------------------------------"
## puts $clocks_file "# Group A Clocks"
## puts $clocks_file "create_clock -period $clk_main_a0_period  -name clk_main_a0 -waveform {0.000 $clk_main_a0_half_period}  \[get_ports clk_main_a0\]"
## puts $clocks_file "create_clock -period $clk_extra_a1_period -name clk_extra_a1 -waveform {0.000 $clk_extra_a1_half_period} \[get_ports clk_extra_a1\]"
## puts $clocks_file "create_clock -period $clk_extra_a2_period -name clk_extra_a2 -waveform {0.000 $clk_extra_a2_half_period} \[get_ports clk_extra_a2\]"
## puts $clocks_file "create_clock -period $clk_extra_a3_period -name clk_extra_a3 -waveform {0.000 $clk_extra_a3_half_period} \[get_ports clk_extra_a3\]\n"
## puts $clocks_file "# Group B Clocks"
## puts $clocks_file "create_clock -period $clk_extra_b0_period -name clk_extra_b0 -waveform {0.000 $clk_extra_b0_half_period} \[get_ports clk_extra_b0\]"
## puts $clocks_file "create_clock -period $clk_extra_b1_period -name clk_extra_b1 -waveform {0.000 $clk_extra_b1_half_period} \[get_ports clk_extra_b1\]\n"
## puts $clocks_file "# Group C Clocks"
## puts $clocks_file "create_clock -period $clk_extra_c0_period -name clk_extra_c0 -waveform {0.000 $clk_extra_c0_half_period} \[get_ports clk_extra_c0\]"
## puts $clocks_file "create_clock -period $clk_extra_c1_period -name clk_extra_c1 -waveform {0.000 $clk_extra_c1_half_period} \[get_ports clk_extra_c1\]"
## close $clocks_file
# set_param hd.clockRoutingWireReduction false
# if {${cl.synth}} {
#    source -notrace ./synth_${CL_MODULE}.tcl
#    set synth_dcp ${timestamp}.CL.post_synth.dcp
# }
AWS FPGA: (00:48:36) Calling aws_gen_clk_constraints.tcl to generate clock constraints from developer's specified recipe.
Deleting old CL clocks constraints file since it will be replaced.
AWS FPGA: (00:48:36) Reading developer's Custom Logic files post encryption.
AWS FPGA: Reading AWS Shell design
AWS FPGA: Reading IP blocks
INFO: [IP_Flow 19-234] Refreshing IP repositories
INFO: [IP_Flow 19-1704] No user IP repositories specified
INFO: [IP_Flow 19-2313] Loaded Vivado IP repository '/opt/Xilinx/Vivado/2018.2.op2258646/data/ip'.
read_ip: Time (s): cpu = 00:00:06 ; elapsed = 00:00:14 . Memory (MB): peak = 1690.078 ; gain = 395.691 ; free physical = 117327 ; free virtual = 154677
add_files: Time (s): cpu = 00:00:06 ; elapsed = 00:00:14 . Memory (MB): peak = 1785.801 ; gain = 95.719 ; free physical = 117240 ; free virtual = 154623
CRITICAL WARNING: [filemgmt 20-1365] Unable to generate target(s) for the following file is locked: /home/centos/aws-fpga/hdk/cl/developer_designs/cl_aes_ip_fifo/ip/ip_fifo_sync.xci
Locked reason: 
* IP 'ip_fifo_sync' shares a common output directory with other IP. It is recommended that each IP be placed in its own directory.
* Current project part 'xcvu9p-flgb2104-2-i' and the part 'xcvu9p-flga2104-3-e' used to customize the IP 'ip_fifo_sync' do not match.
Please select 'Report IP Status' from the 'Tools/Report' menu or run Tcl command 'report_ip_status' for more information.
AWS FPGA: Reading AWS constraints
AWS FPGA: (00:49:07) Start design synthesis.

Running synth_design for cl_fifo /home/centos/aws-fpga/hdk/cl/developer_designs/cl_aes_ip_fifo/build/scripts [Fri Apr 19 00:49:10 2019]
Command: synth_design -top cl_fifo -verilog_define XSDB_SLV_DIS -part xcvu9p-flgb2104-2-i -mode out_of_context -keep_equivalent_registers -flatten_hierarchy rebuilt -max_uram_cascade_height 2 -directive default
Starting synth_design
WARNING: [Vivado_Tcl 4-391] The following IPs are missing output products for Synthesis target. These output products could be required for synthesis, please generate the output products using the generate_target or synth_ip command before running synth_design.
/home/centos/aws-fpga/hdk/cl/developer_designs/cl_aes_ip_fifo/ip/ip_fifo_sync.xci

WARNING: [Vivado_Tcl 4-391] The following IPs are missing output products for Implementation target. These output products could be required for synthesis, please generate the output products using the generate_target or synth_ip command before running synth_design.
/home/centos/aws-fpga/hdk/common/shell_v04261818/design/ip/src_register_slice/src_register_slice.xci
/home/centos/aws-fpga/hdk/common/shell_v04261818/design/ip/dest_register_slice/dest_register_slice.xci
/home/centos/aws-fpga/hdk/common/shell_v04261818/design/ip/axi_register_slice/axi_register_slice.xci
/home/centos/aws-fpga/hdk/common/shell_v04261818/design/ip/axi_register_slice_light/axi_register_slice_light.xci

Attempting to get a license for feature 'Synthesis' and/or device 'xcvu9p'
INFO: [Common 17-349] Got license for feature 'Synthesis' and/or device 'xcvu9p'
INFO: [Vivado_Tcl 4-550] User specified maximum number of URAM that can be cascaded is 2
INFO: Launching helper process for spawning children vivado processes
INFO: Helper process launched with PID 10831 
WARNING: [Synth 8-2306] macro FIFO_ADDR redefined [/home/centos/aws-fpga/hdk/cl/developer_designs/cl_aes_ip_fifo/design/write_to_library_fifo.v:31]
---------------------------------------------------------------------------------
Starting RTL Elaboration : Time (s): cpu = 00:00:09 ; elapsed = 00:00:39 . Memory (MB): peak = 1857.836 ; gain = 0.000 ; free physical = 117034 ; free virtual = 154478
---------------------------------------------------------------------------------
INFO: [Synth 8-6157] synthesizing module 'cl_fifo' [/home/centos/aws-fpga/hdk/cl/developer_designs/cl_aes_ip_fifo/design/cl_fifo.sv:16]
INFO: [Synth 8-6157] synthesizing module 'sh_ddr' [/home/centos/aws-fpga/hdk/common/shell_v04261818/design/sh_ddr/synth/sh_ddr.sv:32]
	Parameter DDR_A_PRESENT bound to: 0 - type: integer 
	Parameter DDR_B_PRESENT bound to: 0 - type: integer 
	Parameter DDR_D_PRESENT bound to: 0 - type: integer 
	Parameter DDR_A_IO bound to: 1 - type: integer 
	Parameter DDR_D_IO bound to: 1 - type: integer 
INFO: [Synth 8-6157] synthesizing module 'lib_pipe' [/home/centos/aws-fpga/hdk/common/shell_v04261818/design/lib/lib_pipe.sv:27]
INFO: [Synth 8-5534] Detected attribute (* shreg_extract = "no" *) [/home/centos/aws-fpga/hdk/common/shell_v04261818/design/lib/lib_pipe.sv:41]
INFO: [Synth 8-6155] done synthesizing module 'lib_pipe' (1#1) [/home/centos/aws-fpga/hdk/common/shell_v04261818/design/lib/lib_pipe.sv:27]
INFO: [Synth 8-6157] synthesizing module 'OBUF' [/opt/Xilinx/Vivado/2018.2.op2258646/scripts/rt/data/unisim_comp.v:27275]
INFO: [Synth 8-6155] done synthesizing module 'OBUF' (5#1) [/opt/Xilinx/Vivado/2018.2.op2258646/scripts/rt/data/unisim_comp.v:27275]
INFO: [Synth 8-6157] synthesizing module 'IOBUFE3' [/opt/Xilinx/Vivado/2018.2.op2258646/scripts/rt/data/unisim_comp.v:22878]
INFO: [Synth 8-6155] done synthesizing module 'IOBUFE3' (6#1) [/opt/Xilinx/Vivado/2018.2.op2258646/scripts/rt/data/unisim_comp.v:22878]
INFO: [Synth 8-6157] synthesizing module 'IOBUFDS' [/opt/Xilinx/Vivado/2018.2.op2258646/scripts/rt/data/unisim_comp.v:22677]
INFO: [Synth 8-6155] done synthesizing module 'IOBUFDS' (7#1) [/opt/Xilinx/Vivado/2018.2.op2258646/scripts/rt/data/unisim_comp.v:22677]
INFO: [Synth 8-6157] synthesizing module 'IBUFDS' [/opt/Xilinx/Vivado/2018.2.op2258646/scripts/rt/data/unisim_comp.v:19488]
INFO: [Synth 8-6155] done synthesizing module 'IBUFDS' (8#1) [/opt/Xilinx/Vivado/2018.2.op2258646/scripts/rt/data/unisim_comp.v:19488]
INFO: [Synth 8-6155] done synthesizing module 'sh_ddr' (9#1) [/home/centos/aws-fpga/hdk/common/shell_v04261818/design/sh_ddr/synth/sh_ddr.sv:32]
INFO: [Synth 8-6157] synthesizing module 'axi_register_slice_light' [/home/centos/aws-fpga/hdk/common/shell_v04261818/design/ip/axi_register_slice_light/synth/axi_register_slice_light.v:58]
INFO: [Synth 8-6157] synthesizing module 'axi_register_slice_v2_1_15_axi_register_slice' [/home/centos/aws-fpga/hdk/common/shell_v04261818/design/ip/src_register_slice/hdl/axi_register_slice_v2_1_vl_rfs.v:2300]
	Parameter C_FAMILY bound to: virtexuplus - type: string 
	Parameter C_AXI_PROTOCOL bound to: 2 - type: integer 
	Parameter C_AXI_ID_WIDTH bound to: 1 - type: integer 
	Parameter C_AXI_ADDR_WIDTH bound to: 32 - type: integer 
	Parameter C_AXI_DATA_WIDTH bound to: 32 - type: integer 
	Parameter C_AXI_SUPPORTS_USER_SIGNALS bound to: 0 - type: integer 
	Parameter C_AXI_AWUSER_WIDTH bound to: 1 - type: integer 
	Parameter C_AXI_ARUSER_WIDTH bound to: 1 - type: integer 
	Parameter C_AXI_WUSER_WIDTH bound to: 1 - type: integer 
	Parameter C_AXI_RUSER_WIDTH bound to: 1 - type: integer 
	Parameter C_AXI_BUSER_WIDTH bound to: 1 - type: integer 
	Parameter C_REG_CONFIG_AW bound to: 7 - type: integer 
	Parameter C_REG_CONFIG_W bound to: 7 - type: integer 
	Parameter C_REG_CONFIG_B bound to: 7 - type: integer 
	Parameter C_REG_CONFIG_AR bound to: 7 - type: integer 
	Parameter C_REG_CONFIG_R bound to: 7 - type: integer 
	Parameter C_NUM_SLR_CROSSINGS bound to: 0 - type: integer 
	Parameter C_PIPELINES_MASTER_AW bound to: 0 - type: integer 
	Parameter C_PIPELINES_MASTER_W bound to: 0 - type: integer 
	Parameter C_PIPELINES_MASTER_B bound to: 0 - type: integer 
	Parameter C_PIPELINES_MASTER_AR bound to: 0 - type: integer 
	Parameter C_PIPELINES_MASTER_R bound to: 0 - type: integer 
	Parameter C_PIPELINES_SLAVE_AW bound to: 0 - type: integer 
	Parameter C_PIPELINES_SLAVE_W bound to: 0 - type: integer 
	Parameter C_PIPELINES_SLAVE_B bound to: 0 - type: integer 
	Parameter C_PIPELINES_SLAVE_AR bound to: 0 - type: integer 
	Parameter C_PIPELINES_SLAVE_R bound to: 0 - type: integer 
	Parameter C_PIPELINES_MIDDLE_AW bound to: 0 - type: integer 
	Parameter C_PIPELINES_MIDDLE_W bound to: 0 - type: integer 
	Parameter C_PIPELINES_MIDDLE_B bound to: 0 - type: integer 
	Parameter C_PIPELINES_MIDDLE_AR bound to: 0 - type: integer 
	Parameter C_PIPELINES_MIDDLE_R bound to: 0 - type: integer 
	Parameter C_AXI_SUPPORTS_REGION_SIGNALS bound to: 0 - type: integer 
	Parameter P_FORWARD bound to: 0 - type: integer 
	Parameter P_RESPONSE bound to: 1 - type: integer 
	Parameter G_AXI_AWADDR_INDEX bound to: 0 - type: integer 
	Parameter G_AXI_AWADDR_WIDTH bound to: 32 - type: integer 
	Parameter G_AXI_AWPROT_INDEX bound to: 32 - type: integer 
	Parameter G_AXI_AWPROT_WIDTH bound to: 3 - type: integer 
	Parameter G_AXI_AWSIZE_INDEX bound to: 35 - type: integer 
	Parameter G_AXI_AWSIZE_WIDTH bound to: 0 - type: integer 
	Parameter G_AXI_AWBURST_INDEX bound to: 35 - type: integer 
	Parameter G_AXI_AWBURST_WIDTH bound to: 0 - type: integer 
	Parameter G_AXI_AWCACHE_INDEX bound to: 35 - type: integer 
	Parameter G_AXI_AWCACHE_WIDTH bound to: 0 - type: integer 
	Parameter G_AXI_AWLEN_INDEX bound to: 35 - type: integer 
	Parameter G_AXI_AWLEN_WIDTH bound to: 0 - type: integer 
	Parameter G_AXI_AWLOCK_INDEX bound to: 35 - type: integer 
	Parameter G_AXI_AWLOCK_WIDTH bound to: 0 - type: integer 
	Parameter G_AXI_AWID_INDEX bound to: 35 - type: integer 
	Parameter G_AXI_AWID_WIDTH bound to: 0 - type: integer 
	Parameter G_AXI_AWQOS_INDEX bound to: 35 - type: integer 
	Parameter G_AXI_AWQOS_WIDTH bound to: 0 - type: integer 
	Parameter G_AXI_AWREGION_INDEX bound to: 35 - type: integer 
	Parameter G_AXI_AWREGION_WIDTH bound to: 0 - type: integer 
	Parameter G_AXI_AWUSER_INDEX bound to: 35 - type: integer 
	Parameter G_AXI_AWUSER_WIDTH bound to: 0 - type: integer 
	Parameter G_AXI_AWPAYLOAD_WIDTH bound to: 35 - type: integer 
	Parameter G_AXI_ARADDR_INDEX bound to: 0 - type: integer 
	Parameter G_AXI_ARADDR_WIDTH bound to: 32 - type: integer 
	Parameter G_AXI_ARPROT_INDEX bound to: 32 - type: integer 
	Parameter G_AXI_ARPROT_WIDTH bound to: 3 - type: integer 
	Parameter G_AXI_ARSIZE_INDEX bound to: 35 - type: integer 
	Parameter G_AXI_ARSIZE_WIDTH bound to: 0 - type: integer 
	Parameter G_AXI_ARBURST_INDEX bound to: 35 - type: integer 
	Parameter G_AXI_ARBURST_WIDTH bound to: 0 - type: integer 
	Parameter G_AXI_ARCACHE_INDEX bound to: 35 - type: integer 
	Parameter G_AXI_ARCACHE_WIDTH bound to: 0 - type: integer 
	Parameter G_AXI_ARLEN_INDEX bound to: 35 - type: integer 
	Parameter G_AXI_ARLEN_WIDTH bound to: 0 - type: integer 
	Parameter G_AXI_ARLOCK_INDEX bound to: 35 - type: integer 
	Parameter G_AXI_ARLOCK_WIDTH bound to: 0 - type: integer 
	Parameter G_AXI_ARID_INDEX bound to: 35 - type: integer 
	Parameter G_AXI_ARID_WIDTH bound to: 0 - type: integer 
	Parameter G_AXI_ARQOS_INDEX bound to: 35 - type: integer 
	Parameter G_AXI_ARQOS_WIDTH bound to: 0 - type: integer 
	Parameter G_AXI_ARREGION_INDEX bound to: 35 - type: integer 
	Parameter G_AXI_ARREGION_WIDTH bound to: 0 - type: integer 
	Parameter G_AXI_ARUSER_INDEX bound to: 35 - type: integer 
	Parameter G_AXI_ARUSER_WIDTH bound to: 0 - type: integer 
	Parameter G_AXI_ARPAYLOAD_WIDTH bound to: 35 - type: integer 
	Parameter G_AXI_WDATA_INDEX bound to: 0 - type: integer 
	Parameter G_AXI_WDATA_WIDTH bound to: 32 - type: integer 
	Parameter G_AXI_WSTRB_INDEX bound to: 32 - type: integer 
	Parameter G_AXI_WSTRB_WIDTH bound to: 4 - type: integer 
	Parameter G_AXI_WLAST_INDEX bound to: 36 - type: integer 
	Parameter G_AXI_WLAST_WIDTH bound to: 0 - type: integer 
	Parameter G_AXI_WID_INDEX bound to: 36 - type: integer 
	Parameter G_AXI_WID_WIDTH bound to: 0 - type: integer 
	Parameter G_AXI_WUSER_INDEX bound to: 36 - type: integer 
	Parameter G_AXI_WUSER_WIDTH bound to: 0 - type: integer 
	Parameter G_AXI_WPAYLOAD_WIDTH bound to: 36 - type: integer 
	Parameter G_AXI_BRESP_INDEX bound to: 0 - type: integer 
	Parameter G_AXI_BRESP_WIDTH bound to: 2 - type: integer 
	Parameter G_AXI_BID_INDEX bound to: 2 - type: integer 
	Parameter G_AXI_BID_WIDTH bound to: 0 - type: integer 
	Parameter G_AXI_BUSER_INDEX bound to: 2 - type: integer 
	Parameter G_AXI_BUSER_WIDTH bound to: 0 - type: integer 
	Parameter G_AXI_BPAYLOAD_WIDTH bound to: 2 - type: integer 
	Parameter G_AXI_RDATA_INDEX bound to: 0 - type: integer 
	Parameter G_AXI_RDATA_WIDTH bound to: 32 - type: integer 
	Parameter G_AXI_RRESP_INDEX bound to: 32 - type: integer 
	Parameter G_AXI_RRESP_WIDTH bound to: 2 - type: integer 
	Parameter G_AXI_RLAST_INDEX bound to: 34 - type: integer 
	Parameter G_AXI_RLAST_WIDTH bound to: 0 - type: integer 
	Parameter G_AXI_RID_INDEX bound to: 34 - type: integer 
	Parameter G_AXI_RID_WIDTH bound to: 0 - type: integer 
	Parameter G_AXI_RUSER_INDEX bound to: 34 - type: integer 
	Parameter G_AXI_RUSER_WIDTH bound to: 0 - type: integer 
	Parameter G_AXI_RPAYLOAD_WIDTH bound to: 34 - type: integer 
INFO: [Synth 8-6157] synthesizing module 'axi_register_slice_v2_1_15_axic_register_slice' [/home/centos/aws-fpga/hdk/common/shell_v04261818/design/ip/src_register_slice/hdl/axi_register_slice_v2_1_vl_rfs.v:189]
	Parameter C_FAMILY bound to: virtexuplus - type: string 
	Parameter C_DATA_WIDTH bound to: 35 - type: integer 
	Parameter C_REG_CONFIG bound to: 7 - type: integer 
INFO: [Synth 8-6155] done synthesizing module 'axi_register_slice_v2_1_15_axic_register_slice' (10#1) [/home/centos/aws-fpga/hdk/common/shell_v04261818/design/ip/src_register_slice/hdl/axi_register_slice_v2_1_vl_rfs.v:189]
INFO: [Synth 8-6157] synthesizing module 'axi_register_slice_v2_1_15_axic_register_slice__parameterized0' [/home/centos/aws-fpga/hdk/common/shell_v04261818/design/ip/src_register_slice/hdl/axi_register_slice_v2_1_vl_rfs.v:189]
	Parameter C_FAMILY bound to: virtexuplus - type: string 
	Parameter C_DATA_WIDTH bound to: 36 - type: integer 
	Parameter C_REG_CONFIG bound to: 7 - type: integer 
INFO: [Synth 8-6155] done synthesizing module 'axi_register_slice_v2_1_15_axic_register_slice__parameterized0' (10#1) [/home/centos/aws-fpga/hdk/common/shell_v04261818/design/ip/src_register_slice/hdl/axi_register_slice_v2_1_vl_rfs.v:189]
INFO: [Synth 8-6157] synthesizing module 'axi_register_slice_v2_1_15_axic_register_slice__parameterized1' [/home/centos/aws-fpga/hdk/common/shell_v04261818/design/ip/src_register_slice/hdl/axi_register_slice_v2_1_vl_rfs.v:189]
	Parameter C_FAMILY bound to: virtexuplus - type: string 
	Parameter C_DATA_WIDTH bound to: 2 - type: integer 
	Parameter C_REG_CONFIG bound to: 7 - type: integer 
INFO: [Synth 8-6155] done synthesizing module 'axi_register_slice_v2_1_15_axic_register_slice__parameterized1' (10#1) [/home/centos/aws-fpga/hdk/common/shell_v04261818/design/ip/src_register_slice/hdl/axi_register_slice_v2_1_vl_rfs.v:189]
INFO: [Synth 8-6157] synthesizing module 'axi_register_slice_v2_1_15_axic_register_slice__parameterized2' [/home/centos/aws-fpga/hdk/common/shell_v04261818/design/ip/src_register_slice/hdl/axi_register_slice_v2_1_vl_rfs.v:189]
	Parameter C_FAMILY bound to: virtexuplus - type: string 
	Parameter C_DATA_WIDTH bound to: 34 - type: integer 
	Parameter C_REG_CONFIG bound to: 7 - type: integer 
INFO: [Synth 8-6155] done synthesizing module 'axi_register_slice_v2_1_15_axic_register_slice__parameterized2' (10#1) [/home/centos/aws-fpga/hdk/common/shell_v04261818/design/ip/src_register_slice/hdl/axi_register_slice_v2_1_vl_rfs.v:189]
INFO: [Synth 8-6157] synthesizing module 'axi_infrastructure_v1_1_0_axi2vector' [/home/centos/aws-fpga/hdk/common/shell_v04261818/design/ip/src_register_slice/hdl/axi_infrastructure_v1_1_vl_rfs.v:60]
	Parameter C_AXI_PROTOCOL bound to: 2 - type: integer 
	Parameter C_AXI_ID_WIDTH bound to: 1 - type: integer 
	Parameter C_AXI_ADDR_WIDTH bound to: 32 - type: integer 
	Parameter C_AXI_DATA_WIDTH bound to: 32 - type: integer 
	Parameter C_AXI_SUPPORTS_USER_SIGNALS bound to: 0 - type: integer 
	Parameter C_AXI_SUPPORTS_REGION_SIGNALS bound to: 0 - type: integer 
	Parameter C_AXI_AWUSER_WIDTH bound to: 1 - type: integer 
	Parameter C_AXI_WUSER_WIDTH bound to: 1 - type: integer 
	Parameter C_AXI_BUSER_WIDTH bound to: 1 - type: integer 
	Parameter C_AXI_ARUSER_WIDTH bound to: 1 - type: integer 
	Parameter C_AXI_RUSER_WIDTH bound to: 1 - type: integer 
	Parameter C_AWPAYLOAD_WIDTH bound to: 35 - type: integer 
	Parameter C_WPAYLOAD_WIDTH bound to: 36 - type: integer 
	Parameter C_BPAYLOAD_WIDTH bound to: 2 - type: integer 
	Parameter C_ARPAYLOAD_WIDTH bound to: 35 - type: integer 
	Parameter C_RPAYLOAD_WIDTH bound to: 34 - type: integer 
	Parameter G_AXI_AWADDR_INDEX bound to: 0 - type: integer 
	Parameter G_AXI_AWADDR_WIDTH bound to: 32 - type: integer 
	Parameter G_AXI_AWPROT_INDEX bound to: 32 - type: integer 
	Parameter G_AXI_AWPROT_WIDTH bound to: 3 - type: integer 
	Parameter G_AXI_AWSIZE_INDEX bound to: 35 - type: integer 
	Parameter G_AXI_AWSIZE_WIDTH bound to: 0 - type: integer 
	Parameter G_AXI_AWBURST_INDEX bound to: 35 - type: integer 
	Parameter G_AXI_AWBURST_WIDTH bound to: 0 - type: integer 
	Parameter G_AXI_AWCACHE_INDEX bound to: 35 - type: integer 
	Parameter G_AXI_AWCACHE_WIDTH bound to: 0 - type: integer 
	Parameter G_AXI_AWLEN_INDEX bound to: 35 - type: integer 
	Parameter G_AXI_AWLEN_WIDTH bound to: 0 - type: integer 
	Parameter G_AXI_AWLOCK_INDEX bound to: 35 - type: integer 
	Parameter G_AXI_AWLOCK_WIDTH bound to: 0 - type: integer 
	Parameter G_AXI_AWID_INDEX bound to: 35 - type: integer 
	Parameter G_AXI_AWID_WIDTH bound to: 0 - type: integer 
	Parameter G_AXI_AWQOS_INDEX bound to: 35 - type: integer 
	Parameter G_AXI_AWQOS_WIDTH bound to: 0 - type: integer 
	Parameter G_AXI_AWREGION_INDEX bound to: 35 - type: integer 
	Parameter G_AXI_AWREGION_WIDTH bound to: 0 - type: integer 
	Parameter G_AXI_AWUSER_INDEX bound to: 35 - type: integer 
	Parameter G_AXI_AWUSER_WIDTH bound to: 0 - type: integer 
	Parameter G_AXI_AWPAYLOAD_WIDTH bound to: 35 - type: integer 
	Parameter G_AXI_ARADDR_INDEX bound to: 0 - type: integer 
	Parameter G_AXI_ARADDR_WIDTH bound to: 32 - type: integer 
	Parameter G_AXI_ARPROT_INDEX bound to: 32 - type: integer 
	Parameter G_AXI_ARPROT_WIDTH bound to: 3 - type: integer 
	Parameter G_AXI_ARSIZE_INDEX bound to: 35 - type: integer 
	Parameter G_AXI_ARSIZE_WIDTH bound to: 0 - type: integer 
	Parameter G_AXI_ARBURST_INDEX bound to: 35 - type: integer 
	Parameter G_AXI_ARBURST_WIDTH bound to: 0 - type: integer 
	Parameter G_AXI_ARCACHE_INDEX bound to: 35 - type: integer 
	Parameter G_AXI_ARCACHE_WIDTH bound to: 0 - type: integer 
	Parameter G_AXI_ARLEN_INDEX bound to: 35 - type: integer 
	Parameter G_AXI_ARLEN_WIDTH bound to: 0 - type: integer 
	Parameter G_AXI_ARLOCK_INDEX bound to: 35 - type: integer 
	Parameter G_AXI_ARLOCK_WIDTH bound to: 0 - type: integer 
	Parameter G_AXI_ARID_INDEX bound to: 35 - type: integer 
	Parameter G_AXI_ARID_WIDTH bound to: 0 - type: integer 
	Parameter G_AXI_ARQOS_INDEX bound to: 35 - type: integer 
	Parameter G_AXI_ARQOS_WIDTH bound to: 0 - type: integer 
	Parameter G_AXI_ARREGION_INDEX bound to: 35 - type: integer 
	Parameter G_AXI_ARREGION_WIDTH bound to: 0 - type: integer 
	Parameter G_AXI_ARUSER_INDEX bound to: 35 - type: integer 
	Parameter G_AXI_ARUSER_WIDTH bound to: 0 - type: integer 
	Parameter G_AXI_ARPAYLOAD_WIDTH bound to: 35 - type: integer 
	Parameter G_AXI_WDATA_INDEX bound to: 0 - type: integer 
	Parameter G_AXI_WDATA_WIDTH bound to: 32 - type: integer 
	Parameter G_AXI_WSTRB_INDEX bound to: 32 - type: integer 
	Parameter G_AXI_WSTRB_WIDTH bound to: 4 - type: integer 
	Parameter G_AXI_WLAST_INDEX bound to: 36 - type: integer 
	Parameter G_AXI_WLAST_WIDTH bound to: 0 - type: integer 
	Parameter G_AXI_WID_INDEX bound to: 36 - type: integer 
	Parameter G_AXI_WID_WIDTH bound to: 0 - type: integer 
	Parameter G_AXI_WUSER_INDEX bound to: 36 - type: integer 
	Parameter G_AXI_WUSER_WIDTH bound to: 0 - type: integer 
	Parameter G_AXI_WPAYLOAD_WIDTH bound to: 36 - type: integer 
	Parameter G_AXI_BRESP_INDEX bound to: 0 - type: integer 
	Parameter G_AXI_BRESP_WIDTH bound to: 2 - type: integer 
	Parameter G_AXI_BID_INDEX bound to: 2 - type: integer 
	Parameter G_AXI_BID_WIDTH bound to: 0 - type: integer 
	Parameter G_AXI_BUSER_INDEX bound to: 2 - type: integer 
	Parameter G_AXI_BUSER_WIDTH bound to: 0 - type: integer 
	Parameter G_AXI_BPAYLOAD_WIDTH bound to: 2 - type: integer 
	Parameter G_AXI_RDATA_INDEX bound to: 0 - type: integer 
	Parameter G_AXI_RDATA_WIDTH bound to: 32 - type: integer 
	Parameter G_AXI_RRESP_INDEX bound to: 32 - type: integer 
	Parameter G_AXI_RRESP_WIDTH bound to: 2 - type: integer 
	Parameter G_AXI_RLAST_INDEX bound to: 34 - type: integer 
	Parameter G_AXI_RLAST_WIDTH bound to: 0 - type: integer 
	Parameter G_AXI_RID_INDEX bound to: 34 - type: integer 
	Parameter G_AXI_RID_WIDTH bound to: 0 - type: integer 
	Parameter G_AXI_RUSER_INDEX bound to: 34 - type: integer 
	Parameter G_AXI_RUSER_WIDTH bound to: 0 - type: integer 
	Parameter G_AXI_RPAYLOAD_WIDTH bound to: 34 - type: integer 
INFO: [Synth 8-6155] done synthesizing module 'axi_infrastructure_v1_1_0_axi2vector' (11#1) [/home/centos/aws-fpga/hdk/common/shell_v04261818/design/ip/src_register_slice/hdl/axi_infrastructure_v1_1_vl_rfs.v:60]
INFO: [Synth 8-6157] synthesizing module 'axi_infrastructure_v1_1_0_vector2axi' [/home/centos/aws-fpga/hdk/common/shell_v04261818/design/ip/src_register_slice/hdl/axi_infrastructure_v1_1_vl_rfs.v:474]
	Parameter C_AXI_PROTOCOL bound to: 2 - type: integer 
	Parameter C_AXI_ID_WIDTH bound to: 1 - type: integer 
	Parameter C_AXI_ADDR_WIDTH bound to: 32 - type: integer 
	Parameter C_AXI_DATA_WIDTH bound to: 32 - type: integer 
	Parameter C_AXI_SUPPORTS_USER_SIGNALS bound to: 0 - type: integer 
	Parameter C_AXI_SUPPORTS_REGION_SIGNALS bound to: 0 - type: integer 
	Parameter C_AXI_AWUSER_WIDTH bound to: 1 - type: integer 
	Parameter C_AXI_WUSER_WIDTH bound to: 1 - type: integer 
	Parameter C_AXI_BUSER_WIDTH bound to: 1 - type: integer 
	Parameter C_AXI_ARUSER_WIDTH bound to: 1 - type: integer 
	Parameter C_AXI_RUSER_WIDTH bound to: 1 - type: integer 
	Parameter C_AWPAYLOAD_WIDTH bound to: 35 - type: integer 
	Parameter C_WPAYLOAD_WIDTH bound to: 36 - type: integer 
	Parameter C_BPAYLOAD_WIDTH bound to: 2 - type: integer 
	Parameter C_ARPAYLOAD_WIDTH bound to: 35 - type: integer 
	Parameter C_RPAYLOAD_WIDTH bound to: 34 - type: integer 
	Parameter G_AXI_AWADDR_INDEX bound to: 0 - type: integer 
	Parameter G_AXI_AWADDR_WIDTH bound to: 32 - type: integer 
	Parameter G_AXI_AWPROT_INDEX bound to: 32 - type: integer 
	Parameter G_AXI_AWPROT_WIDTH bound to: 3 - type: integer 
	Parameter G_AXI_AWSIZE_INDEX bound to: 35 - type: integer 
	Parameter G_AXI_AWSIZE_WIDTH bound to: 0 - type: integer 
	Parameter G_AXI_AWBURST_INDEX bound to: 35 - type: integer 
	Parameter G_AXI_AWBURST_WIDTH bound to: 0 - type: integer 
	Parameter G_AXI_AWCACHE_INDEX bound to: 35 - type: integer 
	Parameter G_AXI_AWCACHE_WIDTH bound to: 0 - type: integer 
	Parameter G_AXI_AWLEN_INDEX bound to: 35 - type: integer 
	Parameter G_AXI_AWLEN_WIDTH bound to: 0 - type: integer 
	Parameter G_AXI_AWLOCK_INDEX bound to: 35 - type: integer 
	Parameter G_AXI_AWLOCK_WIDTH bound to: 0 - type: integer 
	Parameter G_AXI_AWID_INDEX bound to: 35 - type: integer 
	Parameter G_AXI_AWID_WIDTH bound to: 0 - type: integer 
	Parameter G_AXI_AWQOS_INDEX bound to: 35 - type: integer 
	Parameter G_AXI_AWQOS_WIDTH bound to: 0 - type: integer 
	Parameter G_AXI_AWREGION_INDEX bound to: 35 - type: integer 
	Parameter G_AXI_AWREGION_WIDTH bound to: 0 - type: integer 
	Parameter G_AXI_AWUSER_INDEX bound to: 35 - type: integer 
	Parameter G_AXI_AWUSER_WIDTH bound to: 0 - type: integer 
	Parameter G_AXI_AWPAYLOAD_WIDTH bound to: 35 - type: integer 
	Parameter G_AXI_ARADDR_INDEX bound to: 0 - type: integer 
	Parameter G_AXI_ARADDR_WIDTH bound to: 32 - type: integer 
	Parameter G_AXI_ARPROT_INDEX bound to: 32 - type: integer 
	Parameter G_AXI_ARPROT_WIDTH bound to: 3 - type: integer 
	Parameter G_AXI_ARSIZE_INDEX bound to: 35 - type: integer 
	Parameter G_AXI_ARSIZE_WIDTH bound to: 0 - type: integer 
	Parameter G_AXI_ARBURST_INDEX bound to: 35 - type: integer 
	Parameter G_AXI_ARBURST_WIDTH bound to: 0 - type: integer 
	Parameter G_AXI_ARCACHE_INDEX bound to: 35 - type: integer 
	Parameter G_AXI_ARCACHE_WIDTH bound to: 0 - type: integer 
	Parameter G_AXI_ARLEN_INDEX bound to: 35 - type: integer 
	Parameter G_AXI_ARLEN_WIDTH bound to: 0 - type: integer 
	Parameter G_AXI_ARLOCK_INDEX bound to: 35 - type: integer 
	Parameter G_AXI_ARLOCK_WIDTH bound to: 0 - type: integer 
	Parameter G_AXI_ARID_INDEX bound to: 35 - type: integer 
	Parameter G_AXI_ARID_WIDTH bound to: 0 - type: integer 
	Parameter G_AXI_ARQOS_INDEX bound to: 35 - type: integer 
	Parameter G_AXI_ARQOS_WIDTH bound to: 0 - type: integer 
	Parameter G_AXI_ARREGION_INDEX bound to: 35 - type: integer 
	Parameter G_AXI_ARREGION_WIDTH bound to: 0 - type: integer 
	Parameter G_AXI_ARUSER_INDEX bound to: 35 - type: integer 
	Parameter G_AXI_ARUSER_WIDTH bound to: 0 - type: integer 
	Parameter G_AXI_ARPAYLOAD_WIDTH bound to: 35 - type: integer 
	Parameter G_AXI_WDATA_INDEX bound to: 0 - type: integer 
	Parameter G_AXI_WDATA_WIDTH bound to: 32 - type: integer 
	Parameter G_AXI_WSTRB_INDEX bound to: 32 - type: integer 
	Parameter G_AXI_WSTRB_WIDTH bound to: 4 - type: integer 
	Parameter G_AXI_WLAST_INDEX bound to: 36 - type: integer 
	Parameter G_AXI_WLAST_WIDTH bound to: 0 - type: integer 
	Parameter G_AXI_WID_INDEX bound to: 36 - type: integer 
	Parameter G_AXI_WID_WIDTH bound to: 0 - type: integer 
	Parameter G_AXI_WUSER_INDEX bound to: 36 - type: integer 
	Parameter G_AXI_WUSER_WIDTH bound to: 0 - type: integer 
	Parameter G_AXI_WPAYLOAD_WIDTH bound to: 36 - type: integer 
	Parameter G_AXI_BRESP_INDEX bound to: 0 - type: integer 
	Parameter G_AXI_BRESP_WIDTH bound to: 2 - type: integer 
	Parameter G_AXI_BID_INDEX bound to: 2 - type: integer 
	Parameter G_AXI_BID_WIDTH bound to: 0 - type: integer 
	Parameter G_AXI_BUSER_INDEX bound to: 2 - type: integer 
	Parameter G_AXI_BUSER_WIDTH bound to: 0 - type: integer 
	Parameter G_AXI_BPAYLOAD_WIDTH bound to: 2 - type: integer 
	Parameter G_AXI_RDATA_INDEX bound to: 0 - type: integer 
	Parameter G_AXI_RDATA_WIDTH bound to: 32 - type: integer 
	Parameter G_AXI_RRESP_INDEX bound to: 32 - type: integer 
	Parameter G_AXI_RRESP_WIDTH bound to: 2 - type: integer 
	Parameter G_AXI_RLAST_INDEX bound to: 34 - type: integer 
	Parameter G_AXI_RLAST_WIDTH bound to: 0 - type: integer 
	Parameter G_AXI_RID_INDEX bound to: 34 - type: integer 
	Parameter G_AXI_RID_WIDTH bound to: 0 - type: integer 
	Parameter G_AXI_RUSER_INDEX bound to: 34 - type: integer 
	Parameter G_AXI_RUSER_WIDTH bound to: 0 - type: integer 
	Parameter G_AXI_RPAYLOAD_WIDTH bound to: 34 - type: integer 
INFO: [Synth 8-6155] done synthesizing module 'axi_infrastructure_v1_1_0_vector2axi' (12#1) [/home/centos/aws-fpga/hdk/common/shell_v04261818/design/ip/src_register_slice/hdl/axi_infrastructure_v1_1_vl_rfs.v:474]
INFO: [Synth 8-6155] done synthesizing module 'axi_register_slice_v2_1_15_axi_register_slice' (13#1) [/home/centos/aws-fpga/hdk/common/shell_v04261818/design/ip/src_register_slice/hdl/axi_register_slice_v2_1_vl_rfs.v:2300]
INFO: [Synth 8-6155] done synthesizing module 'axi_register_slice_light' (14#1) [/home/centos/aws-fpga/hdk/common/shell_v04261818/design/ip/axi_register_slice_light/synth/axi_register_slice_light.v:58]
INFO: [Synth 8-6157] synthesizing module 'write_to_library_fifo' [/home/centos/aws-fpga/hdk/cl/developer_designs/cl_aes_ip_fifo/design/write_to_library_fifo.v:33]
	Parameter FIFO_WIDTH bound to: 8 - type: integer 
	Parameter FIFO_DEPTH bound to: 16 - type: integer 
	Parameter IFIFO_COLLECT_KEY bound to: 0 - type: integer 
	Parameter IFIFO_COLLECT_PLAINTEXT bound to: 1 - type: integer 
	Parameter INIT_AES bound to: 2 - type: integer 
	Parameter WAIT_ENCRYPT bound to: 3 - type: integer 
	Parameter CIPHER_TEXT_READY bound to: 4 - type: integer 
	Parameter DONE_BIT_FLAG bound to: 5 - type: integer 
ERROR: [Synth 8-439] module 'ip_fifo_sync' not found [/home/centos/aws-fpga/hdk/cl/developer_designs/cl_aes_ip_fifo/design/write_to_library_fifo.v:177]
ERROR: [Synth 8-6156] failed synthesizing module 'write_to_library_fifo' [/home/centos/aws-fpga/hdk/cl/developer_designs/cl_aes_ip_fifo/design/write_to_library_fifo.v:33]
ERROR: [Synth 8-6156] failed synthesizing module 'cl_fifo' [/home/centos/aws-fpga/hdk/cl/developer_designs/cl_aes_ip_fifo/design/cl_fifo.sv:16]
---------------------------------------------------------------------------------
Finished RTL Elaboration : Time (s): cpu = 00:01:30 ; elapsed = 00:02:25 . Memory (MB): peak = 1948.855 ; gain = 91.020 ; free physical = 117002 ; free virtual = 154446
---------------------------------------------------------------------------------
RTL Elaboration failed
INFO: [Common 17-83] Releasing license: Synthesis
37 Infos, 3 Warnings, 1 Critical Warnings and 4 Errors encountered.
synth_design failed
ERROR: [Common 17-69] Command failed: Synthesis failed - please see the console or run log file for details

    while executing
"source -notrace ./synth_${CL_MODULE}.tcl"
    invoked from within
"if {${cl.synth}} {
   source -notrace ./synth_${CL_MODULE}.tcl
   set synth_dcp ${timestamp}.CL.post_synth.dcp
}"
    (file "create_dcp_from_cl.tcl" line 203)
INFO: [Common 17-206] Exiting Vivado at Fri Apr 19 00:51:35 2019...
