#
# An unexpected error has occurred (11)
#
Stack:
/lib64/libc.so.6(+0x362f0) [0x7f0c0b30c2f0]
/opt/Xilinx/Vivado/2018.2.op2258646/lib/lnx64.o/libtcmalloc.so.4(tcmalloc::ThreadCache::ReleaseToCentralCache(tcmalloc::ThreadCache::FreeList*, unsigned long, int)+0xf3) [0x7f0c0cfc3973]
/opt/Xilinx/Vivado/2018.2.op2258646/lib/lnx64.o/libtcmalloc.so.4(tcmalloc::ThreadCache::ListTooLong(tcmalloc::ThreadCache::FreeList*, unsigned long)+0x1c) [0x7f0c0cfc3a4c]
/opt/Xilinx/Vivado/2018.2.op2258646/lib/lnx64.o/libtcmalloc.so.4(tc_cfree+0x3d5) [0x7f0c0cfd4425]
/opt/Xilinx/Vivado/2018.2.op2258646/lib/lnx64.o/librdi_psta.so(sta::Search::deletePaths(sta::Vertex*)+0x12) [0x7f0bd7efdd02]
/opt/Xilinx/Vivado/2018.2.op2258646/lib/lnx64.o/librdi_psta.so(sta::Search::deletePaths()+0x51) [0x7f0bd7efdd81]
/opt/Xilinx/Vivado/2018.2.op2258646/lib/lnx64.o/librdi_psta.so(sta::Search::clear()+0x18f) [0x7f0bd7f1b25f]
/opt/Xilinx/Vivado/2018.2.op2258646/lib/lnx64.o/librdi_psta.so(sta::Sta::clear()+0xd) [0x7f0bd7f4569d]
/opt/Xilinx/Vivado/2018.2.op2258646/lib/lnx64.o/librdi_timing.so(HASTXilinxSta::clear()+0x9) [0x7f0bd61c2859]
/opt/Xilinx/Vivado/2018.2.op2258646/lib/lnx64.o/librdi_timing.so(HASTXilinxSta::~HASTXilinxSta()+0x17) [0x7f0bd61c2887]
/opt/Xilinx/Vivado/2018.2.op2258646/lib/lnx64.o/librdi_timing.so(HASTXilinxSta::~HASTXilinxSta()+0x9) [0x7f0bd61c2929]
/opt/Xilinx/Vivado/2018.2.op2258646/lib/lnx64.o/librdi_psta.so(sta::deleteAllMemory()+0x52) [0x7f0bd7f4dcd2]
/opt/Xilinx/Vivado/2018.2.op2258646/lib/lnx64.o/libtcl8.5.so(Tcl_Finalize+0x49) [0x7f0c06990199]
/opt/Xilinx/Vivado/2018.2.op2258646/lib/lnx64.o/libtcl8.5.so(Tcl_Exit+0x4a) [0x7f0c0699034a]
/opt/Xilinx/Vivado/2018.2.op2258646/lib/lnx64.o/libtcl8.5.so(+0x3b41f) [0x7f0c0695741f]
/opt/Xilinx/Vivado/2018.2.op2258646/lib/lnx64.o/libtcl8.5.so(+0x334af) [0x7f0c0694f4af]
/opt/Xilinx/Vivado/2018.2.op2258646/lib/lnx64.o/libtcl8.5.so(+0x34b38) [0x7f0c06950b38]
/opt/Xilinx/Vivado/2018.2.op2258646/lib/lnx64.o/libtcl8.5.so(Tcl_EvalEx+0x13) [0x7f0c069510a3]
/opt/Xilinx/Vivado/2018.2.op2258646/lib/lnx64.o/libtcl8.5.so(Tcl_Eval+0x15) [0x7f0c069510c5]
/opt/Xilinx/Vivado/2018.2.op2258646/lib/lnx64.o/librdi_commontasks.so(+0x201374) [0x7f0bfbd82374]
/opt/Xilinx/Vivado/2018.2.op2258646/lib/lnx64.o/librdi_commontasks.so(+0x20255e) [0x7f0bfbd8355e]
/opt/Xilinx/Vivado/2018.2.op2258646/lib/lnx64.o/librdi_common.so(+0x78e792) [0x7f0c0c5d2792]
/opt/Xilinx/Vivado/2018.2.op2258646/lib/lnx64.o/libtcl8.5.so(+0x334af) [0x7f0c0694f4af]
/opt/Xilinx/Vivado/2018.2.op2258646/lib/lnx64.o/libtcl8.5.so(Tcl_EvalObjv+0x32) [0x7f0c0694f5e2]
/opt/Xilinx/Vivado/2018.2.op2258646/lib/lnx64.o/libtcl8.5.so(TclEvalObjEx+0x322) [0x7f0c06951402]
/opt/Xilinx/Vivado/2018.2.op2258646/lib/lnx64.o/librdi_commonmain.so(+0x7414) [0x7f0c0bc40414]
/opt/Xilinx/Vivado/2018.2.op2258646/lib/lnx64.o/libtcl8.5.so(Tcl_Main+0x1d0) [0x7f0c069bc210]
/opt/Xilinx/Vivado/2018.2.op2258646/lib/lnx64.o/librdi_common.so(+0x7d175b) [0x7f0c0c61575b]
/lib64/libpthread.so.0(+0x7e25) [0x7f0c0b0c1e25]
/lib64/libc.so.6(clone+0x6d) [0x7f0c0b3d4bad]
